[01-May-2018 09:42:51 Asia/Tokyo] PHP Fatal error:  Call to a member function autoParagraph() on a non-object in /home/ubuntu/workspace/practice/src/Template/Sweets/view.ctp on line 33
[01-May-2018 09:42:51 Asia/Tokyo] PHP Stack trace:
[01-May-2018 09:42:51 Asia/Tokyo] PHP   1. {main}() /home/ubuntu/workspace/practice/webroot/index.php:0
[01-May-2018 09:42:51 Asia/Tokyo] PHP   2. Cake\Http\Server->run() /home/ubuntu/workspace/practice/webroot/index.php:37
[01-May-2018 09:42:51 Asia/Tokyo] PHP   3. Cake\Http\Runner->run() /home/ubuntu/workspace/practice/vendor/cakephp/cakephp/src/Http/Server.php:90
[01-May-2018 09:42:51 Asia/Tokyo] PHP   4. Cake\Http\Runner->__invoke() /home/ubuntu/workspace/practice/vendor/cakephp/cakephp/src/Http/Runner.php:51
[01-May-2018 09:42:51 Asia/Tokyo] PHP   5. Cake\Error\Middleware\ErrorHandlerMiddleware->__invoke() /home/ubuntu/workspace/practice/vendor/cakephp/cakephp/src/Http/Runner.php:65
[01-May-2018 09:42:51 Asia/Tokyo] PHP   6. Cake\Http\Runner->__invoke() /home/ubuntu/workspace/practice/vendor/cakephp/cakephp/src/Error/Middleware/ErrorHandlerMiddleware.php:81
[01-May-2018 09:42:51 Asia/Tokyo] PHP   7. Cake\Routing\Middleware\AssetMiddleware->__invoke() /home/ubuntu/workspace/practice/vendor/cakephp/cakephp/src/Http/Runner.php:65
[01-May-2018 09:42:51 Asia/Tokyo] PHP   8. Cake\Http\Runner->__invoke() /home/ubuntu/workspace/practice/vendor/cakephp/cakephp/src/Routing/Middleware/AssetMiddleware.php:88
[01-May-2018 09:42:51 Asia/Tokyo] PHP   9. Cake\Routing\Middleware\RoutingMiddleware->__invoke() /home/ubuntu/workspace/practice/vendor/cakephp/cakephp/src/Http/Runner.php:65
[01-May-2018 09:42:51 Asia/Tokyo] PHP  10. Cake\Http\Runner->__invoke() /home/ubuntu/workspace/practice/vendor/cakephp/cakephp/src/Routing/Middleware/RoutingMiddleware.php:62
[01-May-2018 09:42:51 Asia/Tokyo] PHP  11. Cake\Http\BaseApplication->__invoke() /home/ubuntu/workspace/practice/vendor/cakephp/cakephp/src/Http/Runner.php:65
[01-May-2018 09:42:51 Asia/Tokyo] PHP  12. Cake\Http\ActionDispatcher->dispatch() /home/ubuntu/workspace/practice/vendor/cakephp/cakephp/src/Http/BaseApplication.php:83
[01-May-2018 09:42:51 Asia/Tokyo] PHP  13. Cake\Http\ActionDispatcher->_invoke() /home/ubuntu/workspace/practice/vendor/cakephp/cakephp/src/Http/ActionDispatcher.php:95
[01-May-2018 09:42:51 Asia/Tokyo] PHP  14. Cake\Controller\Controller->render() /home/ubuntu/workspace/practice/vendor/cakephp/cakephp/src/Http/ActionDispatcher.php:127
[01-May-2018 09:42:51 Asia/Tokyo] PHP  15. Cake\View\View->render() /home/ubuntu/workspace/practice/vendor/cakephp/cakephp/src/Controller/Controller.php:617
[01-May-2018 09:42:51 Asia/Tokyo] PHP  16. Cake\View\View->_render() /home/ubuntu/workspace/practice/vendor/cakephp/cakephp/src/View/View.php:597
[01-May-2018 09:42:51 Asia/Tokyo] PHP  17. Cake\View\View->_evaluate() /home/ubuntu/workspace/practice/vendor/cakephp/cakephp/src/View/View.php:973
[01-May-2018 09:42:51 Asia/Tokyo] PHP  18. include() /home/ubuntu/workspace/practice/vendor/cakephp/cakephp/src/View/View.php:1014
[01-May-2018 09:49:32 Asia/Tokyo] PHP Fatal error:  Call to a member function autoParagraph() on a non-object in /home/ubuntu/workspace/practice/src/Template/Sweets/view.ctp on line 33
[01-May-2018 09:49:32 Asia/Tokyo] PHP Stack trace:
[01-May-2018 09:49:32 Asia/Tokyo] PHP   1. {main}() /home/ubuntu/workspace/practice/webroot/index.php:0
[01-May-2018 09:49:32 Asia/Tokyo] PHP   2. Cake\Http\Server->run() /home/ubuntu/workspace/practice/webroot/index.php:37
[01-May-2018 09:49:32 Asia/Tokyo] PHP   3. Cake\Http\Runner->run() /home/ubuntu/workspace/practice/vendor/cakephp/cakephp/src/Http/Server.php:90
[01-May-2018 09:49:32 Asia/Tokyo] PHP   4. Cake\Http\Runner->__invoke() /home/ubuntu/workspace/practice/vendor/cakephp/cakephp/src/Http/Runner.php:51
[01-May-2018 09:49:32 Asia/Tokyo] PHP   5. Cake\Error\Middleware\ErrorHandlerMiddleware->__invoke() /home/ubuntu/workspace/practice/vendor/cakephp/cakephp/src/Http/Runner.php:65
[01-May-2018 09:49:32 Asia/Tokyo] PHP   6. Cake\Http\Runner->__invoke() /home/ubuntu/workspace/practice/vendor/cakephp/cakephp/src/Error/Middleware/ErrorHandlerMiddleware.php:81
[01-May-2018 09:49:32 Asia/Tokyo] PHP   7. Cake\Routing\Middleware\AssetMiddleware->__invoke() /home/ubuntu/workspace/practice/vendor/cakephp/cakephp/src/Http/Runner.php:65
[01-May-2018 09:49:32 Asia/Tokyo] PHP   8. Cake\Http\Runner->__invoke() /home/ubuntu/workspace/practice/vendor/cakephp/cakephp/src/Routing/Middleware/AssetMiddleware.php:88
[01-May-2018 09:49:32 Asia/Tokyo] PHP   9. Cake\Routing\Middleware\RoutingMiddleware->__invoke() /home/ubuntu/workspace/practice/vendor/cakephp/cakephp/src/Http/Runner.php:65
[01-May-2018 09:49:32 Asia/Tokyo] PHP  10. Cake\Http\Runner->__invoke() /home/ubuntu/workspace/practice/vendor/cakephp/cakephp/src/Routing/Middleware/RoutingMiddleware.php:62
[01-May-2018 09:49:32 Asia/Tokyo] PHP  11. Cake\Http\BaseApplication->__invoke() /home/ubuntu/workspace/practice/vendor/cakephp/cakephp/src/Http/Runner.php:65
[01-May-2018 09:49:32 Asia/Tokyo] PHP  12. Cake\Http\ActionDispatcher->dispatch() /home/ubuntu/workspace/practice/vendor/cakephp/cakephp/src/Http/BaseApplication.php:83
[01-May-2018 09:49:32 Asia/Tokyo] PHP  13. Cake\Http\ActionDispatcher->_invoke() /home/ubuntu/workspace/practice/vendor/cakephp/cakephp/src/Http/ActionDispatcher.php:95
[01-May-2018 09:49:32 Asia/Tokyo] PHP  14. Cake\Controller\Controller->render() /home/ubuntu/workspace/practice/vendor/cakephp/cakephp/src/Http/ActionDispatcher.php:127
[01-May-2018 09:49:32 Asia/Tokyo] PHP  15. Cake\View\View->render() /home/ubuntu/workspace/practice/vendor/cakephp/cakephp/src/Controller/Controller.php:617
[01-May-2018 09:49:32 Asia/Tokyo] PHP  16. Cake\View\View->_render() /home/ubuntu/workspace/practice/vendor/cakephp/cakephp/src/View/View.php:597
[01-May-2018 09:49:32 Asia/Tokyo] PHP  17. Cake\View\View->_evaluate() /home/ubuntu/workspace/practice/vendor/cakephp/cakephp/src/View/View.php:973
[01-May-2018 09:49:32 Asia/Tokyo] PHP  18. include() /home/ubuntu/workspace/practice/vendor/cakephp/cakephp/src/View/View.php:1014
